<?xml version="1.0" encoding="UTF-8"?>
<testsuite xmlns:xsi="http://www.w3.org/2001/XMLSchema-instance" xsi:noNamespaceSchemaLocation="https://maven.apache.org/surefire/maven-surefire-plugin/xsd/surefire-test-report.xsd" name="msib.binar.challenge.tiga.AplikasiKasirTest" time="0.084" tests="6" errors="0" skipped="0" failures="3">
  <properties>
[...]
</properties>
  <testcase name="testLoadMenu" classname="msib.binar.challenge.tiga.AplikasiKasirTest" time="0.048">
    <failure message="expected: &lt;3&gt; but was: &lt;5&gt;" type="org.opentest4j.AssertionFailedError"><![CDATA[org.opentest4j.AssertionFailedError: expected: <3> but was: <5>
	at msib.binar.challenge.tiga.AplikasiKasirTest.testLoadMenu(AplikasiKasirTest.java:100)
]]></failure>
  </testcase>
  <testcase name="testGetJumlahInvalidInput" classname="msib.binar.challenge.tiga.AplikasiKasirTest" time="0.002"/>
  <testcase name="testHitungSubtotal" classname="msib.binar.challenge.tiga.AplikasiKasirTest" time="0.003"/>
  <testcase name="testSimpanStruk" classname="msib.binar.challenge.tiga.AplikasiKasirTest" time="0.005">
    <failure message="expected: &lt;Struk Pembayaran:&#10;==================&#10;Nasi Goreng x2 = Rp 50000&#10;Mie Goreng x3 = Rp 66000&#10;==================&#10;Total Harga: Rp 116000&#10;Struk pembayaran telah disimpan.&#10;&gt; but was: &lt;Struk pembayaran telah disimpan.&#10;&gt;" type="org.opentest4j.AssertionFailedError"><![CDATA[org.opentest4j.AssertionFailedError: 
expected: <Struk Pembayaran:
==================
Nasi Goreng x2 = Rp 50000
Mie Goreng x3 = Rp 66000
==================
Total Harga: Rp 116000
Struk pembayaran telah disimpan.
> but was: <Struk pembayaran telah disimpan.
>
	at msib.binar.challenge.tiga.AplikasiKasirTest.testSimpanStruk(AplikasiKasirTest.java:72)
]]></failure>
  </testcase>
  <testcase name="testGetJumlahValidInput" classname="msib.binar.challenge.tiga.AplikasiKasirTest" time="0.001"/>
  <testcase name="testTambahItemDanHitungTotal" classname="msib.binar.challenge.tiga.AplikasiKasirTest" time="0.002">
    <failure message="expected: &lt;95000&gt; but was: &lt;116000&gt;" type="org.opentest4j.AssertionFailedError"><![CDATA[org.opentest4j.AssertionFailedError: expected: <95000> but was: <116000>
	at msib.binar.challenge.tiga.AplikasiKasirTest.testTambahItemDanHitungTotal(AplikasiKasirTest.java:51)
]]></failure>
  </testcase>
</testsuite>